{
  "RSpec": {
    "coverage": {
      "/Users/apurvajain/Desktop/Point Line/spec/geometry/point_spec.rb": [
        1,
        null,
        1,
        null,
        9,
        5,
        2,
        null,
        1,
        1,
        null,
        null,
        1,
        1,
        null,
        null,
        1,
        1,
        null,
        null,
        1,
        1,
        null,
        null,
        1,
        1,
        null,
        null,
        1,
        1,
        null,
        null,
        1,
        1,
        null,
        null,
        1,
        1,
        null,
        null,
        null,
        null
      ]
    },
    "timestamp": 1422810143
  }
}
